<?xml version="1.0" encoding="utf-8"?><testsuites><testsuite name="pytest" errors="0" failures="0" skipped="0" tests="78" time="0.314" timestamp="2024-02-27T16:19:23.230721" hostname="JC-LFTG9HTQD7"><testcase classname="microcosm.tests.config.test_model" name="test_attribute_access" time="0.002" /><testcase classname="microcosm.tests.config.test_model" name="test_merge" time="0.001" /><testcase classname="microcosm.tests.config.test_model" name="test_dont_merge" time="0.001" /><testcase classname="microcosm.tests.config.test_model" name="test_merge_lists" time="0.001" /><testcase classname="microcosm.tests.config.test_validation.TestValidation" name="test_valid" time="0.004" /><testcase classname="microcosm.tests.config.test_validation.TestValidation" name="test_valid_default" time="0.002" /><testcase classname="microcosm.tests.config.test_validation.TestValidation" name="test_false_default" time="0.002" /><testcase classname="microcosm.tests.config.test_validation.TestValidation" name="test_nullable" time="0.002" /><testcase classname="microcosm.tests.config.test_validation.TestValidation" name="test_nullable_null_default" time="0.002" /><testcase classname="microcosm.tests.config.test_validation.TestValidation" name="test_null_default_implies_nullable" time="0.002" /><testcase classname="microcosm.tests.config.test_validation.TestValidation" name="test_valid_default_factory" time="0.003" /><testcase classname="microcosm.tests.config.test_validation.TestValidation" name="test_invalid_missing" time="0.002" /><testcase classname="microcosm.tests.config.test_validation.TestValidation" name="test_invalid_malformed" time="0.002" /><testcase classname="microcosm.tests.config.test_validation.TestValidation" name="test_invalid_none" time="0.002" /><testcase classname="microcosm.tests.config.test_validation.TestValidation" name="test_mock_value" time="0.002" /><testcase classname="microcosm.tests.config.test_validation.TestValidation" name="test_comma_separated_list_converted" time="0.002" /><testcase classname="microcosm.tests.config.test_validation.TestValidation" name="test_comma_separated_list_empty" time="0.002" /><testcase classname="microcosm.tests.config.test_validation.TestValidation" name="test_comma_separated_list_unconverted" time="0.002" /><testcase classname="microcosm.tests.config.test_validation.TestValidation" name="test_typed_converted" time="0.002" /><testcase classname="microcosm.tests.config.test_validation.TestValidation" name="test_boolean_typed_converted" time="0.002" /><testcase classname="microcosm.tests.config.test_validation.TestValidation" name="test_missing_default" time="0.002" /><testcase classname="microcosm.tests.config.test_validation.TestValidation" name="test_default_and_required" time="0.002" /><testcase classname="microcosm.tests.config.test_validation.TestValidation" name="test_unsupported_arg" time="0.002" /><testcase classname="microcosm.tests.config.test_validation.TestValidation" name="test_default_factory_and_required_error" time="0.001" /><testcase classname="microcosm.tests.config.test_validation.TestValidation" name="test_default_and_default_factory_error" time="0.001" /><testcase classname="microcosm.tests.config.test_validation.TestValidation" name="test_default_default_factory_and_required_error" time="0.001" /><testcase classname="microcosm.tests.loaders.test_compose" name="test_load_each" time="0.003" /><testcase classname="microcosm.tests.loaders.test_compose" name="test_two_stage_loader_basic" time="0.001" /><testcase classname="microcosm.tests.loaders.test_compose" name="test_two_stage_loader_prefer_primary" time="0.001" /><testcase classname="microcosm.tests.loaders.test_compose" name="test_two_stage_loader_prefer_secondary" time="0.001" /><testcase classname="microcosm.tests.loaders.test_compose" name="test_load_partitioned" time="0.001" /><testcase classname="microcosm.tests.loaders.test_compose" name="test_load_config_and_secrets" time="0.001" /><testcase classname="microcosm.tests.loaders.test_compose" name="test_empty_loader" time="0.001" /><testcase classname="microcosm.tests.loaders.test_environment" name="test_load_from_environ" time="0.001" /><testcase classname="microcosm.tests.loaders.test_environment" name="test_load_multiple_values_for_on_componentfrom_environ" time="0.001" /><testcase classname="microcosm.tests.loaders.test_environment" name="test_load_from_environ_json" time="0.001" /><testcase classname="microcosm.tests.loaders.test_environment" name="test_load_from_environ_multipart_name" time="0.001" /><testcase classname="microcosm.tests.loaders.test_keys" name="test_expand_config" time="0.001" /><testcase classname="microcosm.tests.test_api" name="test_api_imports" time="0.001" /><testcase classname="microcosm.tests.test_decorators" name="test_defaults" time="0.001" /><testcase classname="microcosm.tests.test_decorators" name="test_defaults_not_set" time="0.001" /><testcase classname="microcosm.tests.test_decorators" name="test_binding" time="0.001" /><testcase classname="microcosm.tests.test_hooks.TestHooks" name="test_on_resolve_foo_once" time="0.003" /><testcase classname="microcosm.tests.test_hooks.TestHooks" name="test_on_resolve_foo_again" time="0.001" /><testcase classname="microcosm.tests.test_hooks.TestHooks" name="test_on_resolve_foo_subfoo" time="0.001" /><testcase classname="microcosm.tests.test_hooks.TestHooks" name="test_on_resolve_bar_once" time="0.001" /><testcase classname="microcosm.tests.test_hooks.TestHooks" name="test_on_resolve_bar_again" time="0.001" /><testcase classname="microcosm.tests.test_object_graph" name="test_create_object_graph" time="0.001" /><testcase classname="microcosm.tests.test_object_graph" name="test_object_graph_use" time="0.001" /><testcase classname="microcosm.tests.test_object_graph" name="test_object_graph_partial_use" time="0.003" /><testcase classname="microcosm.tests.test_object_graph" name="test_object_graph_locking" time="0.001" /><testcase classname="microcosm.tests.test_object_graph" name="test_object_graph_cycle" time="0.002" /><testcase classname="microcosm.tests.test_object_graph" name="test_get_component_name_function" time="0.001" /><testcase classname="microcosm.tests.test_object_graph" name="test_describe_object_graph" time="0.001" /><testcase classname="microcosm.tests.test_object_graph" name="test_default_object_graph_description" time="0.001" /><testcase classname="microcosm.tests.test_opaque" name="test_normalized_dict_init" time="0.001" /><testcase classname="microcosm.tests.test_opaque" name="test_normalized_dict_setitem" time="0.001" /><testcase classname="microcosm.tests.test_opaque" name="test_normalized_dict_getitem" time="0.001" /><testcase classname="microcosm.tests.test_opaque" name="test_normalized_dict_delitem" time="0.001" /><testcase classname="microcosm.tests.test_opaque" name="test_normalized_dict_contains" time="0.001" /><testcase classname="microcosm.tests.test_opaque" name="test_normalized_dict_pop" time="0.001" /><testcase classname="microcosm.tests.test_opaque" name="test_normalized_dict_get" time="0.001" /><testcase classname="microcosm.tests.test_opaque" name="test_normalized_dict_update" time="0.001" /><testcase classname="microcosm.tests.test_opaque" name="test_normalized_dict_setdefault" time="0.001" /><testcase classname="microcosm.tests.test_opaque" name="test_dict_usage" time="0.001" /><testcase classname="microcosm.tests.test_opaque" name="test_context_manager" time="0.001" /><testcase classname="microcosm.tests.test_opaque" name="test_decorator" time="0.001" /><testcase classname="microcosm.tests.test_opaque" name="test_composition" time="0.001" /><testcase classname="microcosm.tests.test_opaque" name="test_collaboration" time="0.001" /><testcase classname="microcosm.tests.test_registry" name="test_bind_and_resolve" time="0.001" /><testcase classname="microcosm.tests.test_registry" name="test_resolve_entry_point" time="0.003" /><testcase classname="microcosm.tests.test_registry" name="test_bind_duplicate" time="0.001" /><testcase classname="microcosm.tests.test_registry" name="test_resolve_not_found" time="0.002" /><testcase classname="microcosm.tests.test_scoping" name="test_binding" time="0.001" /><testcase classname="microcosm.tests.test_scoping" name="test_scoped_to" time="0.001" /><testcase classname="microcosm.tests.test_scoping" name="test_scoped" time="0.001" /><testcase classname="microcosm.tests.test_scoping" name="test_infect_entry_point" time="0.001" /><testcase classname="microcosm.tests.test_scoping" name="test_caching" time="0.001" /></testsuite></testsuites>